{"/Users/steven/Desktop/EfreiSchool/Testing/04 - eval/order.js": {"path":"/Users/steven/Desktop/EfreiSchool/Testing/04 - eval/order.js","statementMap":{"0":{"start":{"line":4,"column":8},"end":{"line":4,"column":32}},"1":{"start":{"line":9,"column":28},"end":{"line":9,"column":29}},"2":{"start":{"line":10,"column":8},"end":{"line":12,"column":9}},"3":{"start":{"line":11,"column":12},"end":{"line":11,"column":45}},"4":{"start":{"line":13,"column":8},"end":{"line":13,"column":28}},"5":{"start":{"line":17,"column":8},"end":{"line":17,"column":35}},"6":{"start":{"line":21,"column":27},"end":{"line":21,"column":28}},"7":{"start":{"line":23,"column":8},"end":{"line":25,"column":9}},"8":{"start":{"line":24,"column":12},"end":{"line":24,"column":60}},"9":{"start":{"line":26,"column":8},"end":{"line":26,"column":27}},"10":{"start":{"line":31,"column":27},"end":{"line":31,"column":46}},"11":{"start":{"line":34,"column":8},"end":{"line":48,"column":9}},"12":{"start":{"line":35,"column":12},"end":{"line":35,"column":45}},"13":{"start":{"line":36,"column":12},"end":{"line":36,"column":48}},"14":{"start":{"line":39,"column":12},"end":{"line":39,"column":45}},"15":{"start":{"line":40,"column":12},"end":{"line":40,"column":65}},"16":{"start":{"line":42,"column":12},"end":{"line":46,"column":13}},"17":{"start":{"line":43,"column":16},"end":{"line":43,"column":49}},"18":{"start":{"line":45,"column":16},"end":{"line":45,"column":50}},"19":{"start":{"line":49,"column":8},"end":{"line":49,"column":27}}},"fnMap":{"0":{"name":"(anonymous_0)","decl":{"start":{"line":3,"column":4},"end":{"line":3,"column":5}},"loc":{"start":{"line":3,"column":26},"end":{"line":5,"column":5}},"line":3},"1":{"name":"(anonymous_1)","decl":{"start":{"line":8,"column":4},"end":{"line":8,"column":5}},"loc":{"start":{"line":8,"column":20},"end":{"line":14,"column":5}},"line":8},"2":{"name":"(anonymous_2)","decl":{"start":{"line":16,"column":4},"end":{"line":16,"column":5}},"loc":{"start":{"line":16,"column":20},"end":{"line":18,"column":5}},"line":16},"3":{"name":"(anonymous_3)","decl":{"start":{"line":20,"column":4},"end":{"line":20,"column":5}},"loc":{"start":{"line":20,"column":19},"end":{"line":27,"column":5}},"line":20},"4":{"name":"(anonymous_4)","decl":{"start":{"line":29,"column":4},"end":{"line":29,"column":5}},"loc":{"start":{"line":29,"column":19},"end":{"line":50,"column":5}},"line":29}},"branchMap":{"0":{"loc":{"start":{"line":34,"column":8},"end":{"line":48,"column":9}},"type":"if","locations":[{"start":{"line":34,"column":8},"end":{"line":48,"column":9}},{"start":{"line":34,"column":8},"end":{"line":48,"column":9}}],"line":34},"1":{"loc":{"start":{"line":42,"column":12},"end":{"line":46,"column":13}},"type":"if","locations":[{"start":{"line":42,"column":12},"end":{"line":46,"column":13}},{"start":{"line":42,"column":12},"end":{"line":46,"column":13}}],"line":42}},"s":{"0":9,"1":2,"2":2,"3":4,"4":2,"5":2,"6":5,"7":5,"8":10,"9":5,"10":3,"11":3,"12":1,"13":1,"14":2,"15":2,"16":2,"17":1,"18":1,"19":3},"f":{"0":9,"1":2,"2":2,"3":5,"4":3},"b":{"0":[1,2],"1":[1,1]},"_coverageSchema":"332fd63041d2c1bcb487cc26dd0d5f7d97098a6c","hash":"26199b8ba1503c6369761ebf767703fb9f4d8c98"}
}
