TN:
SF:/Users/steven/Desktop/EfreiSchool/Testing/04 - eval/order.js
FN:3,(anonymous_0)
FN:8,(anonymous_1)
FN:16,(anonymous_2)
FN:20,(anonymous_3)
FN:29,(anonymous_4)
FNF:5
FNH:5
FNDA:9,(anonymous_0)
FNDA:2,(anonymous_1)
FNDA:2,(anonymous_2)
FNDA:5,(anonymous_3)
FNDA:3,(anonymous_4)
DA:4,9
DA:9,2
DA:10,2
DA:11,4
DA:13,2
DA:17,2
DA:21,5
DA:23,5
DA:24,10
DA:26,5
DA:31,3
DA:34,3
DA:35,1
DA:36,1
DA:39,2
DA:40,2
DA:42,2
DA:43,1
DA:45,1
DA:49,3
LF:20
LH:20
BRDA:34,0,0,1
BRDA:34,0,1,2
BRDA:42,1,0,1
BRDA:42,1,1,1
BRF:4
BRH:4
end_of_record
